<?xml version="1.0" encoding="UTF-8"?>
<coverage generated="1320061901">
  <project timestamp="1320061901">
    <file name="/home/shaun/NetBeansProjects/bba-power/application/Bootstrap.php">
      <class name="Bootstrap" namespace="global" fullPackage="Power.Bootstrap" category="BBA" package="Power" subpackage="Bootstrap">
        <metrics methods="11" coveredmethods="11" conditionals="0" coveredconditionals="0" statements="88" coveredstatements="66" elements="99" coveredelements="77"/>
      </class>
      <line num="0" type="stmt" count="1"/>
      <line num="41" type="stmt" count="1"/>
      <line num="65" type="method" name="_initPluginLoaderCache" crap="7.61" count="7"/>
      <line num="67" type="stmt" count="7"/>
      <line num="69" type="stmt" count="0"/>
      <line num="70" type="stmt" count="0"/>
      <line num="72" type="stmt" count="0"/>
      <line num="73" type="stmt" count="0"/>
      <line num="74" type="stmt" count="0"/>
      <line num="76" type="stmt" count="0"/>
      <line num="78" type="stmt" count="0"/>
      <line num="79" type="stmt" count="0"/>
      <line num="80" type="stmt" count="7"/>
      <line num="85" type="method" name="_initLogging" crap="3.11" count="7"/>
      <line num="87" type="stmt" count="7"/>
      <line num="88" type="stmt" count="7"/>
      <line num="90" type="stmt" count="7"/>
      <line num="91" type="stmt" count="7"/>
      <line num="92" type="stmt" count="7"/>
      <line num="93" type="stmt" count="7"/>
      <line num="95" type="stmt" count="7"/>
      <line num="96" type="stmt" count="0"/>
      <line num="97" type="stmt" count="0"/>
      <line num="98" type="stmt" count="0"/>
      <line num="100" type="stmt" count="7"/>
      <line num="101" type="stmt" count="7"/>
      <line num="102" type="stmt" count="7"/>
      <line num="107" type="method" name="_initDbProfiler" crap="2" count="7"/>
      <line num="109" type="stmt" count="7"/>
      <line num="111" type="stmt" count="7"/>
      <line num="112" type="stmt" count="7"/>
      <line num="113" type="stmt" count="7"/>
      <line num="114" type="stmt" count="7"/>
      <line num="115" type="stmt" count="7"/>
      <line num="116" type="stmt" count="7"/>
      <line num="117" type="stmt" count="7"/>
      <line num="118" type="stmt" count="7"/>
      <line num="119" type="stmt" count="7"/>
      <line num="124" type="method" name="_initDbCaches" crap="3.94" count="7"/>
      <line num="126" type="stmt" count="7"/>
      <line num="128" type="stmt" count="7"/>
      <line num="131" type="stmt" count="0"/>
      <line num="133" type="stmt" count="0"/>
      <line num="135" type="stmt" count="0"/>
      <line num="136" type="stmt" count="0"/>
      <line num="138" type="stmt" count="0"/>
      <line num="139" type="stmt" count="0"/>
      <line num="140" type="stmt" count="0"/>
      <line num="141" type="stmt" count="0"/>
      <line num="143" type="stmt" count="0"/>
      <line num="144" type="stmt" count="0"/>
      <line num="145" type="stmt" count="0"/>
      <line num="146" type="stmt" count="7"/>
      <line num="151" type="method" name="_initDefaultModuleAutoloader" crap="1" count="7"/>
      <line num="153" type="stmt" count="7"/>
      <line num="155" type="stmt" count="7"/>
      <line num="156" type="stmt" count="7"/>
      <line num="157" type="stmt" count="7"/>
      <line num="158" type="stmt" count="7"/>
      <line num="159" type="stmt" count="7"/>
      <line num="164" type="method" name="_initCoreSession" crap="1" count="7"/>
      <line num="166" type="stmt" count="7"/>
      <line num="168" type="stmt" count="7"/>
      <line num="169" type="stmt" count="7"/>
      <line num="171" type="stmt" count="7"/>
      <line num="172" type="stmt" count="7"/>
      <line num="177" type="method" name="_initActionHelpers" crap="1" count="7"/>
      <line num="179" type="stmt" count="7"/>
      <line num="181" type="stmt" count="7"/>
      <line num="182" type="stmt" count="7"/>
      <line num="183" type="stmt" count="7"/>
      <line num="188" type="method" name="_initGlobalViewHelperPath" crap="1" count="7"/>
      <line num="190" type="stmt" count="7"/>
      <line num="192" type="stmt" count="7"/>
      <line num="194" type="stmt" count="7"/>
      <line num="196" type="stmt" count="7"/>
      <line num="197" type="stmt" count="7"/>
      <line num="199" type="stmt" count="7"/>
      <line num="200" type="stmt" count="7"/>
      <line num="202" type="method" name="_initConfig" crap="1" count="7"/>
      <line num="204" type="stmt" count="7"/>
      <line num="206" type="stmt" count="7"/>
      <line num="207" type="stmt" count="7"/>
      <line num="208" type="stmt" count="7"/>
      <line num="210" type="method" name="_initViewSettings" crap="1" count="7"/>
      <line num="212" type="stmt" count="7"/>
      <line num="214" type="stmt" count="7"/>
      <line num="215" type="stmt" count="7"/>
      <line num="217" type="stmt" count="7"/>
      <line num="218" type="stmt" count="7"/>
      <line num="219" type="stmt" count="7"/>
      <line num="220" type="stmt" count="7"/>
      <line num="221" type="stmt" count="7"/>
      <line num="222" type="stmt" count="7"/>
      <line num="224" type="stmt" count="7"/>
      <line num="225" type="stmt" count="7"/>
      <line num="227" type="method" name="_initMenu" crap="1" count="7"/>
      <line num="229" type="stmt" count="7"/>
      <line num="231" type="stmt" count="7"/>
      <line num="232" type="stmt" count="7"/>
      <line num="233" type="stmt" count="7"/>
      <line num="236" type="stmt" count="1"/>
      <metrics loc="235" ncloc="160" classes="1" methods="11" coveredmethods="11" conditionals="0" coveredconditionals="0" statements="91" coveredstatements="69" elements="102" coveredelements="80"/>
    </file>
    <file name="/home/shaun/NetBeansProjects/bba-power/application/layouts/scripts/layout.phtml">
      <line num="1" type="stmt" count="6"/>
      <line num="4" type="stmt" count="6"/>
      <line num="5" type="stmt" count="6"/>
      <line num="10" type="stmt" count="6"/>
      <line num="12" type="stmt" count="6"/>
      <line num="20" type="stmt" count="6"/>
      <line num="30" type="stmt" count="6"/>
      <line num="36" type="stmt" count="0"/>
      <line num="39" type="stmt" count="6"/>
      <line num="40" type="stmt" count="6"/>
      <line num="42" type="stmt" count="6"/>
      <line num="43" type="stmt" count="6"/>
      <line num="46" type="stmt" count="6"/>
      <line num="48" type="stmt" count="6"/>
      <line num="50" type="stmt" count="0"/>
      <line num="52" type="stmt" count="6"/>
      <line num="63" type="stmt" count="0"/>
      <line num="64" type="stmt" count="0"/>
      <line num="68" type="stmt" count="0"/>
      <line num="71" type="stmt" count="0"/>
      <line num="74" type="stmt" count="6"/>
      <metrics loc="73" ncloc="73" classes="0" methods="0" coveredmethods="0" conditionals="0" coveredconditionals="0" statements="21" coveredstatements="15" elements="21" coveredelements="15"/>
    </file>
    <file name="/home/shaun/NetBeansProjects/bba-power/application/modules/power/controllers/AuthController.php">
      <class name="Power_AuthController" namespace="global" fullPackage="Power.Controller" category="BBA" package="Power" subpackage="Controller">
        <metrics methods="5" coveredmethods="5" conditionals="0" coveredconditionals="0" statements="33" coveredstatements="33" elements="38" coveredelements="38"/>
      </class>
      <line num="55" type="method" name="init" crap="1" count="6"/>
      <line num="57" type="stmt" count="6"/>
      <line num="59" type="stmt" count="6"/>
      <line num="60" type="stmt" count="6"/>
      <line num="62" type="stmt" count="6"/>
      <line num="63" type="stmt" count="6"/>
      <line num="64" type="stmt" count="6"/>
      <line num="66" type="stmt" count="6"/>
      <line num="67" type="stmt" count="6"/>
      <line num="68" type="stmt" count="6"/>
      <line num="69" type="stmt" count="6"/>
      <line num="70" type="stmt" count="6"/>
      <line num="71" type="stmt" count="6"/>
      <line num="72" type="stmt" count="6"/>
      <line num="73" type="stmt" count="6"/>
      <line num="76" type="method" name="indexAction" crap="1" count="6"/>
      <line num="78" type="stmt" count="3"/>
      <line num="81" type="method" name="loginAction" crap="2" count="6"/>
      <line num="83" type="stmt" count="6"/>
      <line num="84" type="stmt" count="1"/>
      <line num="86" type="stmt" count="6"/>
      <line num="88" type="method" name="logoutAction" crap="2" count="3"/>
      <line num="90" type="stmt" count="1"/>
      <line num="91" type="stmt" count="1"/>
      <line num="94" type="stmt" count="1"/>
      <line num="95" type="stmt" count="3"/>
      <line num="98" type="method" name="authenticateAction" crap="5" count="6"/>
      <line num="100" type="stmt" count="3"/>
      <line num="101" type="stmt" count="1"/>
      <line num="104" type="stmt" count="6"/>
      <line num="105" type="stmt" count="1"/>
      <line num="108" type="stmt" count="3"/>
      <line num="110" type="stmt" count="3"/>
      <line num="111" type="stmt" count="1"/>
      <line num="114" type="stmt" count="3"/>
      <line num="115" type="stmt" count="1"/>
      <line num="116" type="stmt" count="1"/>
      <line num="119" type="stmt" count="3"/>
      <line num="212" type="stmt" count="1"/>
      <line num="292" type="stmt" count="6"/>
      <line num="296" type="stmt" count="6"/>
      <metrics loc="121" ncloc="68" classes="1" methods="5" coveredmethods="5" conditionals="0" coveredconditionals="0" statements="38" coveredstatements="38" elements="43" coveredelements="43"/>
    </file>
    <file name="/home/shaun/NetBeansProjects/bba-power/application/modules/power/controllers/IndexController.php">
      <class name="Power_IndexController" namespace="global" fullPackage="Power.Controller" category="BBA" package="Power" subpackage="Controller">
        <metrics methods="2" coveredmethods="2" conditionals="0" coveredconditionals="0" statements="5" coveredstatements="5" elements="7" coveredelements="7"/>
      </class>
      <line num="45" type="method" name="init" crap="2" count="4"/>
      <line num="47" type="stmt" count="4"/>
      <line num="48" type="stmt" count="2"/>
      <line num="51" type="stmt" count="2"/>
      <line num="52" type="stmt" count="2"/>
      <line num="57" type="method" name="indexAction" crap="1" count="2"/>
      <line num="59" type="stmt" count="2"/>
      <metrics loc="62" ncloc="19" classes="1" methods="2" coveredmethods="2" conditionals="0" coveredconditionals="0" statements="5" coveredstatements="5" elements="7" coveredelements="7"/>
    </file>
    <file name="/home/shaun/NetBeansProjects/bba-power/application/modules/power/forms/Auth/Login.php">
      <class name="Power_Form_Auth_Login" namespace="global" fullPackage="Power.Form_Auth" category="BBA" package="Power" subpackage="Form_Auth">
        <metrics methods="1" coveredmethods="1" conditionals="0" coveredconditionals="0" statements="13" coveredstatements="13" elements="14" coveredelements="14"/>
      </class>
      <line num="41" type="stmt" count="1"/>
      <line num="42" type="method" name="init" crap="1" count="6"/>
      <line num="44" type="stmt" count="6"/>
      <line num="46" type="stmt" count="6"/>
      <line num="47" type="stmt" count="6"/>
      <line num="48" type="stmt" count="6"/>
      <line num="49" type="stmt" count="6"/>
      <line num="50" type="stmt" count="6"/>
      <line num="52" type="stmt" count="6"/>
      <line num="53" type="stmt" count="6"/>
      <line num="54" type="stmt" count="6"/>
      <line num="55" type="stmt" count="6"/>
      <line num="57" type="stmt" count="6"/>
      <line num="58" type="stmt" count="6"/>
      <line num="59" type="stmt" count="6"/>
      <line num="63" type="stmt" count="1"/>
      <metrics loc="62" ncloc="25" classes="1" methods="1" coveredmethods="1" conditionals="0" coveredconditionals="0" statements="15" coveredstatements="15" elements="16" coveredelements="16"/>
    </file>
    <file name="/home/shaun/NetBeansProjects/bba-power/application/modules/power/models/Acl/Power.php">
      <class name="Power_Model_Acl_Power" namespace="global" fullPackage="Power" category="BBA" package="Power">
        <metrics methods="1" coveredmethods="1" conditionals="0" coveredconditionals="0" statements="16" coveredstatements="16" elements="17" coveredelements="17"/>
      </class>
      <line num="19" type="stmt" count="1"/>
      <line num="23" type="method" name="init" crap="1" count="7"/>
      <line num="25" type="stmt" count="7"/>
      <line num="26" type="stmt" count="7"/>
      <line num="28" type="stmt" count="7"/>
      <line num="29" type="stmt" count="7"/>
      <line num="30" type="stmt" count="7"/>
      <line num="31" type="stmt" count="7"/>
      <line num="32" type="stmt" count="7"/>
      <line num="34" type="stmt" count="7"/>
      <line num="35" type="stmt" count="7"/>
      <line num="36" type="stmt" count="7"/>
      <line num="38" type="stmt" count="7"/>
      <line num="39" type="stmt" count="7"/>
      <line num="40" type="stmt" count="7"/>
      <line num="41" type="stmt" count="7"/>
      <line num="42" type="stmt" count="7"/>
      <line num="43" type="stmt" count="7"/>
      <line num="45" type="stmt" count="1"/>
      <metrics loc="44" ncloc="27" classes="1" methods="1" coveredmethods="1" conditionals="0" coveredconditionals="0" statements="18" coveredstatements="18" elements="19" coveredelements="19"/>
    </file>
    <file name="/home/shaun/NetBeansProjects/bba-power/application/modules/power/models/DbTable/User.php">
      <class name="Power_Model_DbTable_User" namespace="global" fullPackage="Power.Model_DbTable" category="BBA" package="Power" subpackage="Model_DbTable">
        <metrics methods="2" coveredmethods="0" conditionals="0" coveredconditionals="0" statements="20" coveredstatements="0" elements="22" coveredelements="0"/>
      </class>
      <line num="41" type="stmt" count="1"/>
      <line num="57" type="method" name="getList" crap="2" count="0"/>
      <line num="59" type="stmt" count="0"/>
      <line num="60" type="stmt" count="0"/>
      <line num="61" type="stmt" count="0"/>
      <line num="62" type="stmt" count="0"/>
      <line num="64" type="stmt" count="0"/>
      <line num="67" type="method" name="getSearch" crap="30" count="0"/>
      <line num="69" type="stmt" count="0"/>
      <line num="70" type="stmt" count="0"/>
      <line num="73" type="stmt" count="0"/>
      <line num="74" type="stmt" count="0"/>
      <line num="75" type="stmt" count="0"/>
      <line num="76" type="stmt" count="0"/>
      <line num="77" type="stmt" count="0"/>
      <line num="78" type="stmt" count="0"/>
      <line num="79" type="stmt" count="0"/>
      <line num="81" type="stmt" count="0"/>
      <line num="83" type="stmt" count="0"/>
      <line num="84" type="stmt" count="0"/>
      <line num="85" type="stmt" count="0"/>
      <line num="86" type="stmt" count="0"/>
      <line num="88" type="stmt" count="0"/>
      <line num="91" type="stmt" count="1"/>
      <metrics loc="90" ncloc="44" classes="1" methods="2" coveredmethods="0" conditionals="0" coveredconditionals="0" statements="22" coveredstatements="2" elements="24" coveredelements="2"/>
    </file>
    <file name="/home/shaun/NetBeansProjects/bba-power/application/modules/power/models/User.php">
      <class name="Power_Model_User" namespace="global" fullPackage="Power.Model" category="BBA" package="Power" subpackage="Model">
        <metrics methods="0" coveredmethods="0" conditionals="0" coveredconditionals="0" statements="0" coveredstatements="0" elements="0" coveredelements="0"/>
      </class>
      <line num="41" type="stmt" count="1"/>
      <line num="52" type="stmt" count="1"/>
      <metrics loc="51" ncloc="8" classes="1" methods="0" coveredmethods="0" conditionals="0" coveredconditionals="0" statements="2" coveredstatements="2" elements="2" coveredelements="2"/>
    </file>
    <file name="/home/shaun/NetBeansProjects/bba-power/application/modules/power/models/mappers/User.php">
      <class name="Power_Model_Mapper_User" namespace="global" fullPackage="Power.Model_Mapper" category="BBA" package="Power" subpackage="Model_Mapper">
        <metrics methods="3" coveredmethods="1" conditionals="0" coveredconditionals="0" statements="23" coveredstatements="6" elements="26" coveredelements="7"/>
      </class>
      <line num="0" type="stmt" count="1"/>
      <line num="41" type="stmt" count="1"/>
      <line num="58" type="method" name="getUserByUsername" crap="1" count="3"/>
      <line num="60" type="stmt" count="3"/>
      <line num="61" type="stmt" count="3"/>
      <line num="62" type="stmt" count="3"/>
      <line num="64" type="stmt" count="3"/>
      <line num="66" type="stmt" count="3"/>
      <line num="68" type="stmt" count="3"/>
      <line num="71" type="method" name="save" crap="12" count="0"/>
      <line num="73" type="stmt" count="0"/>
      <line num="74" type="stmt" count="0"/>
      <line num="78" type="stmt" count="0"/>
      <line num="79" type="stmt" count="0"/>
      <line num="80" type="stmt" count="0"/>
      <line num="81" type="stmt" count="0"/>
      <line num="83" type="stmt" count="0"/>
      <line num="85" type="stmt" count="0"/>
      <line num="86" type="stmt" count="0"/>
      <line num="87" type="stmt" count="0"/>
      <line num="90" type="stmt" count="0"/>
      <line num="93" type="method" name="delete" crap="6" count="0"/>
      <line num="95" type="stmt" count="0"/>
      <line num="96" type="stmt" count="0"/>
      <line num="99" type="stmt" count="0"/>
      <line num="100" type="stmt" count="0"/>
      <line num="101" type="stmt" count="0"/>
      <line num="103" type="stmt" count="0"/>
      <line num="106" type="stmt" count="1"/>
      <metrics loc="105" ncloc="54" classes="1" methods="3" coveredmethods="1" conditionals="0" coveredconditionals="0" statements="26" coveredstatements="9" elements="29" coveredelements="10"/>
    </file>
    <file name="/home/shaun/NetBeansProjects/bba-power/application/modules/power/views/scripts/auth/login.phtml">
      <line num="3" type="stmt" count="6"/>
      <line num="4" type="stmt" count="6"/>
      <metrics loc="3" ncloc="3" classes="0" methods="0" coveredmethods="0" conditionals="0" coveredconditionals="0" statements="2" coveredstatements="2" elements="2" coveredelements="2"/>
    </file>
    <file name="/home/shaun/NetBeansProjects/bba-power/library/BBA/Controller/Action/Abstract.php">
      <class name="BBA_Controller_Action_Abstract" namespace="global" fullPackage="BBA.Controller_Action" category="BBA" package="BBA" subpackage="Controller_Action">
        <metrics methods="7" coveredmethods="2" conditionals="0" coveredconditionals="0" statements="48" coveredstatements="10" elements="55" coveredelements="12"/>
      </class>
      <line num="55" type="method" name="init" crap="2" count="2"/>
      <line num="57" type="stmt" count="2"/>
      <line num="59" type="stmt" count="2"/>
      <line num="60" type="stmt" count="2"/>
      <line num="62" type="stmt" count="2"/>
      <line num="63" type="stmt" count="2"/>
      <line num="64" type="stmt" count="2"/>
      <line num="65" type="stmt" count="2"/>
      <line num="67" type="stmt" count="1"/>
      <line num="69" type="stmt" count="1"/>
      <line num="72" type="method" name="preDispatch" crap="2" count="4"/>
      <line num="74" type="stmt" count="4"/>
      <line num="75" type="stmt" count="2"/>
      <line num="77" type="stmt" count="2"/>
      <line num="79" type="method" name="_setSearch" crap="6" count="0"/>
      <line num="81" type="stmt" count="0"/>
      <line num="82" type="stmt" count="0"/>
      <line num="83" type="stmt" count="0"/>
      <line num="85" type="stmt" count="0"/>
      <line num="88" type="method" name="_getSearch" crap="6" count="0"/>
      <line num="90" type="stmt" count="0"/>
      <line num="91" type="stmt" count="0"/>
      <line num="94" type="stmt" count="0"/>
      <line num="97" type="method" name="_setSearchString" crap="20" count="0"/>
      <line num="99" type="stmt" count="0"/>
      <line num="101" type="stmt" count="0"/>
      <line num="102" type="stmt" count="0"/>
      <line num="103" type="stmt" count="0"/>
      <line num="104" type="stmt" count="0"/>
      <line num="105" type="stmt" count="0"/>
      <line num="107" type="stmt" count="0"/>
      <line num="108" type="stmt" count="0"/>
      <line num="109" type="stmt" count="0"/>
      <line num="110" type="stmt" count="0"/>
      <line num="113" type="stmt" count="0"/>
      <line num="115" type="stmt" count="0"/>
      <line num="118" type="method" name="_getSearchString" crap="6" count="0"/>
      <line num="120" type="stmt" count="0"/>
      <line num="121" type="stmt" count="0"/>
      <line num="122" type="stmt" count="0"/>
      <line num="124" type="stmt" count="0"/>
      <line num="127" type="method" name="_getAjaxDataStore" crap="2" count="0"/>
      <line num="129" type="stmt" count="0"/>
      <line num="130" type="stmt" count="0"/>
      <line num="132" type="stmt" count="0"/>
      <line num="133" type="stmt" count="0"/>
      <line num="134" type="stmt" count="0"/>
      <line num="136" type="stmt" count="0"/>
      <line num="137" type="stmt" count="0"/>
      <line num="138" type="stmt" count="0"/>
      <line num="140" type="stmt" count="0"/>
      <line num="142" type="stmt" count="0"/>
      <line num="143" type="stmt" count="0"/>
      <line num="144" type="stmt" count="0"/>
      <line num="145" type="stmt" count="0"/>
      <line num="147" type="stmt" count="0"/>
      <line num="148" type="stmt" count="0"/>
      <line num="292" type="stmt" count="2"/>
      <line num="296" type="stmt" count="2"/>
      <metrics loc="149" ncloc="102" classes="1" methods="7" coveredmethods="2" conditionals="0" coveredconditionals="0" statements="52" coveredstatements="14" elements="59" coveredelements="16"/>
    </file>
    <file name="/home/shaun/NetBeansProjects/bba-power/library/BBA/Model/Abstract.php">
      <class name="BBA_Model_Abstract" namespace="global" fullPackage="BBA.Model" category="BBA" package="BBA" subpackage="Model">
        <metrics methods="2" coveredmethods="0" conditionals="0" coveredconditionals="0" statements="10" coveredstatements="0" elements="12" coveredelements="0"/>
      </class>
      <line num="41" type="stmt" count="1"/>
      <line num="55" type="method" name="setDateCreate" crap="6" count="0"/>
      <line num="57" type="stmt" count="0"/>
      <line num="58" type="stmt" count="0"/>
      <line num="59" type="stmt" count="0"/>
      <line num="60" type="stmt" count="0"/>
      <line num="62" type="stmt" count="0"/>
      <line num="71" type="method" name="setDateModify" crap="6" count="0"/>
      <line num="73" type="stmt" count="0"/>
      <line num="74" type="stmt" count="0"/>
      <line num="75" type="stmt" count="0"/>
      <line num="76" type="stmt" count="0"/>
      <line num="78" type="stmt" count="0"/>
      <line num="80" type="stmt" count="1"/>
      <metrics loc="79" ncloc="25" classes="1" methods="2" coveredmethods="0" conditionals="0" coveredconditionals="0" statements="12" coveredstatements="2" elements="14" coveredelements="2"/>
    </file>
    <file name="/home/shaun/NetBeansProjects/bba-power/library/BBA/Model/Mapper/Abstract.php">
      <class name="BBA_Model_Mapper_Abstract" namespace="global" fullPackage="BBA.Model_Mapper" category="BBA" package="BBA" subpackage="Model_Mapper">
        <metrics methods="7" coveredmethods="0" conditionals="0" coveredconditionals="0" statements="44" coveredstatements="0" elements="51" coveredelements="0"/>
      </class>
      <line num="41" type="stmt" count="1"/>
      <line num="44" type="method" name="_getSearch" crap="6" count="0"/>
      <line num="46" type="stmt" count="0"/>
      <line num="47" type="stmt" count="0"/>
      <line num="50" type="stmt" count="0"/>
      <line num="53" type="method" name="numRows" crap="6" count="0"/>
      <line num="55" type="stmt" count="0"/>
      <line num="56" type="stmt" count="0"/>
      <line num="58" type="stmt" count="0"/>
      <line num="59" type="stmt" count="0"/>
      <line num="60" type="stmt" count="0"/>
      <line num="61" type="stmt" count="0"/>
      <line num="62" type="stmt" count="0"/>
      <line num="65" type="stmt" count="0"/>
      <line num="67" type="stmt" count="0"/>
      <line num="70" type="method" name="getList" crap="2" count="0"/>
      <line num="72" type="stmt" count="0"/>
      <line num="74" type="stmt" count="0"/>
      <line num="76" type="stmt" count="0"/>
      <line num="78" type="stmt" count="0"/>
      <line num="80" type="stmt" count="0"/>
      <line num="83" type="method" name="getLimit" crap="2" count="0"/>
      <line num="85" type="stmt" count="0"/>
      <line num="88" type="method" name="getSort" crap="6" count="0"/>
      <line num="90" type="stmt" count="0"/>
      <line num="91" type="stmt" count="0"/>
      <line num="92" type="stmt" count="0"/>
      <line num="93" type="stmt" count="0"/>
      <line num="94" type="stmt" count="0"/>
      <line num="97" type="stmt" count="0"/>
      <line num="100" type="method" name="save" crap="42" count="0"/>
      <line num="102" type="stmt" count="0"/>
      <line num="103" type="stmt" count="0"/>
      <line num="106" type="stmt" count="0"/>
      <line num="107" type="stmt" count="0"/>
      <line num="108" type="stmt" count="0"/>
      <line num="110" type="stmt" count="0"/>
      <line num="111" type="stmt" count="0"/>
      <line num="114" type="stmt" count="0"/>
      <line num="115" type="stmt" count="0"/>
      <line num="116" type="stmt" count="0"/>
      <line num="117" type="stmt" count="0"/>
      <line num="120" type="stmt" count="0"/>
      <line num="121" type="stmt" count="0"/>
      <line num="122" type="stmt" count="0"/>
      <line num="123" type="stmt" count="0"/>
      <line num="125" type="stmt" count="0"/>
      <line num="139" type="method" name="setAcl" crap="2" count="0"/>
      <line num="140" type="stmt" count="0"/>
      <line num="143" type="stmt" count="0"/>
      <line num="144" type="stmt" count="0"/>
      <line num="146" type="stmt" count="0"/>
      <line num="149" type="stmt" count="1"/>
      <metrics loc="148" ncloc="92" classes="1" methods="7" coveredmethods="0" conditionals="0" coveredconditionals="0" statements="46" coveredstatements="2" elements="53" coveredelements="2"/>
    </file>
    <file name="/home/shaun/NetBeansProjects/bba-power/library/ZendSF/Acl/Abstract.php">
      <class name="ZendSF_Acl_Abstract" namespace="global" fullPackage="ZendSF.Acl" category="ZendSF" package="ZendSF" subpackage="Acl">
        <metrics methods="2" coveredmethods="1" conditionals="0" coveredconditionals="0" statements="13" coveredstatements="12" elements="15" coveredelements="13"/>
      </class>
      <line num="40" type="stmt" count="1"/>
      <line num="41" type="method" name="__construct" crap="1" count="7"/>
      <line num="43" type="stmt" count="7"/>
      <line num="45" type="stmt" count="7"/>
      <line num="46" type="stmt" count="7"/>
      <line num="47" type="stmt" count="7"/>
      <line num="49" type="stmt" count="7"/>
      <line num="50" type="stmt" count="7"/>
      <line num="51" type="stmt" count="7"/>
      <line num="53" type="stmt" count="7"/>
      <line num="54" type="stmt" count="7"/>
      <line num="55" type="stmt" count="7"/>
      <line num="57" type="stmt" count="7"/>
      <line num="58" type="stmt" count="7"/>
      <line num="63" type="method" name="init" crap="2" count="0"/>
      <line num="66" type="stmt" count="0"/>
      <line num="68" type="stmt" count="1"/>
      <metrics loc="67" ncloc="27" classes="1" methods="2" coveredmethods="1" conditionals="0" coveredconditionals="0" statements="15" coveredstatements="14" elements="17" coveredelements="15"/>
    </file>
    <file name="/home/shaun/NetBeansProjects/bba-power/library/ZendSF/Controller/Action/Abstract.php">
      <class name="ZendSF_Controller_Action_Abstract" namespace="global" fullPackage="ZendSF.Controller_Action" category="ZendSF" package="ZendSF" subpackage="Controller_Action">
        <metrics methods="5" coveredmethods="3" conditionals="0" coveredconditionals="0" statements="24" coveredstatements="14" elements="29" coveredelements="17"/>
      </class>
      <line num="0" type="stmt" count="1"/>
      <line num="63" type="method" name="init" crap="2.09" count="7"/>
      <line num="65" type="stmt" count="7"/>
      <line num="67" type="stmt" count="7"/>
      <line num="69" type="stmt" count="7"/>
      <line num="72" type="stmt" count="7"/>
      <line num="73" type="stmt" count="0"/>
      <line num="74" type="stmt" count="0"/>
      <line num="76" type="stmt" count="7"/>
      <line num="78" type="method" name="getForm" crap="2.06" count="3"/>
      <line num="80" type="stmt" count="3"/>
      <line num="82" type="stmt" count="3"/>
      <line num="83" type="stmt" count="3"/>
      <line num="86" type="stmt" count="0"/>
      <line num="98" type="method" name="setForm" crap="1" count="6"/>
      <line num="100" type="stmt" count="6"/>
      <line num="102" type="stmt" count="6"/>
      <line num="104" type="stmt" count="6"/>
      <line num="106" type="stmt" count="6"/>
      <line num="108" type="stmt" count="6"/>
      <line num="110" type="stmt" count="6"/>
      <line num="113" type="method" name="__call" crap="2" count="0"/>
      <line num="115" type="stmt" count="0"/>
      <line num="116" type="stmt" count="0"/>
      <line num="126" type="method" name="getDataStore" crap="6" count="0"/>
      <line num="128" type="stmt" count="0"/>
      <line num="130" type="stmt" count="0"/>
      <line num="131" type="stmt" count="0"/>
      <line num="132" type="stmt" count="0"/>
      <line num="134" type="stmt" count="0"/>
      <line num="292" type="stmt" count="6"/>
      <line num="296" type="stmt" count="6"/>
      <metrics loc="136" ncloc="66" classes="1" methods="5" coveredmethods="3" conditionals="0" coveredconditionals="0" statements="27" coveredstatements="17" elements="32" coveredelements="20"/>
    </file>
    <file name="/home/shaun/NetBeansProjects/bba-power/library/ZendSF/Controller/Helper/Acl.php">
      <class name="ZendSF_Controller_Helper_Acl" namespace="global" fullPackage="ZendSF.Controller_Helper" category="ZendSF" package="ZendSF" subpackage="Controller_Helper">
        <metrics methods="6" coveredmethods="6" conditionals="0" coveredconditionals="0" statements="33" coveredstatements="23" elements="39" coveredelements="29"/>
      </class>
      <line num="0" type="stmt" count="1"/>
      <line num="42" type="stmt" count="1"/>
      <line num="56" type="method" name="init" crap="2" count="7"/>
      <line num="58" type="stmt" count="7"/>
      <line num="59" type="stmt" count="7"/>
      <line num="61" type="stmt" count="7"/>
      <line num="62" type="stmt" count="7"/>
      <line num="63" type="stmt" count="7"/>
      <line num="64" type="stmt" count="7"/>
      <line num="71" type="method" name="getAcl" crap="1" count="7"/>
      <line num="73" type="stmt" count="7"/>
      <line num="83" type="method" name="isAllowed" crap="2.15" count="7"/>
      <line num="85" type="stmt" count="7"/>
      <line num="86" type="stmt" count="0"/>
      <line num="89" type="stmt" count="7"/>
      <line num="99" type="method" name="setIdentity" crap="26.50" count="3"/>
      <line num="101" type="stmt" count="3"/>
      <line num="102" type="stmt" count="0"/>
      <line num="103" type="stmt" count="0"/>
      <line num="104" type="stmt" count="0"/>
      <line num="106" type="stmt" count="0"/>
      <line num="107" type="stmt" count="3"/>
      <line num="108" type="stmt" count="3"/>
      <line num="109" type="stmt" count="3"/>
      <line num="110" type="stmt" count="0"/>
      <line num="111" type="stmt" count="0"/>
      <line num="112" type="stmt" count="0"/>
      <line num="113" type="stmt" count="0"/>
      <line num="114" type="stmt" count="0"/>
      <line num="117" type="stmt" count="3"/>
      <line num="119" type="stmt" count="3"/>
      <line num="127" type="method" name="getIdentity" crap="3" count="7"/>
      <line num="129" type="stmt" count="7"/>
      <line num="130" type="stmt" count="7"/>
      <line num="132" type="stmt" count="7"/>
      <line num="133" type="stmt" count="6"/>
      <line num="136" type="stmt" count="3"/>
      <line num="137" type="stmt" count="3"/>
      <line num="139" type="stmt" count="3"/>
      <line num="145" type="method" name="direct" crap="1" count="7"/>
      <line num="147" type="stmt" count="7"/>
      <line num="150" type="stmt" count="1"/>
      <metrics loc="149" ncloc="75" classes="1" methods="6" coveredmethods="6" conditionals="0" coveredconditionals="0" statements="36" coveredstatements="26" elements="42" coveredelements="32"/>
    </file>
    <file name="/home/shaun/NetBeansProjects/bba-power/library/ZendSF/Controller/Helper/Service.php">
      <class name="ZendSF_Controller_Helper_Service" namespace="global" fullPackage="ZendSF.Controller_Helper" category="ZendSF" package="ZendSF" subpackage="Controller_Helper">
        <metrics methods="2" coveredmethods="0" conditionals="0" coveredconditionals="0" statements="19" coveredstatements="0" elements="21" coveredelements="0"/>
      </class>
      <line num="41" type="stmt" count="1"/>
      <line num="44" type="method" name="getService" crap="20" count="0"/>
      <line num="46" type="stmt" count="0"/>
      <line num="47" type="stmt" count="0"/>
      <line num="48" type="stmt" count="0"/>
      <line num="49" type="stmt" count="0"/>
      <line num="50" type="stmt" count="0"/>
      <line num="51" type="stmt" count="0"/>
      <line num="53" type="stmt" count="0"/>
      <line num="54" type="stmt" count="0"/>
      <line num="55" type="stmt" count="0"/>
      <line num="56" type="stmt" count="0"/>
      <line num="57" type="stmt" count="0"/>
      <line num="59" type="stmt" count="0"/>
      <line num="60" type="stmt" count="0"/>
      <line num="62" type="stmt" count="0"/>
      <line num="63" type="stmt" count="0"/>
      <line num="65" type="stmt" count="0"/>
      <line num="66" type="stmt" count="0"/>
      <line num="67" type="stmt" count="0"/>
      <line num="70" type="method" name="direct" crap="2" count="0"/>
      <line num="72" type="stmt" count="0"/>
      <line num="75" type="stmt" count="1"/>
      <metrics loc="74" ncloc="37" classes="1" methods="2" coveredmethods="0" conditionals="0" coveredconditionals="0" statements="21" coveredstatements="2" elements="23" coveredelements="2"/>
    </file>
    <file name="/home/shaun/NetBeansProjects/bba-power/library/ZendSF/Form/Abstract.php">
      <class name="ZendSF_Form_Abstract" namespace="global" fullPackage="ZendSF.Form" category="ZendSF" package="ZendSF" subpackage="Form">
        <metrics methods="8" coveredmethods="4" conditionals="0" coveredconditionals="0" statements="35" coveredstatements="17" elements="43" coveredelements="21"/>
      </class>
      <line num="41" type="stmt" count="1"/>
      <line num="159" type="method" name="loadDefaultDecorators" crap="1" count="6"/>
      <line num="161" type="stmt" count="6"/>
      <line num="162" type="stmt" count="6"/>
      <line num="171" type="method" name="addSubmit" crap="1" count="6"/>
      <line num="173" type="stmt" count="6"/>
      <line num="174" type="stmt" count="6"/>
      <line num="175" type="stmt" count="6"/>
      <line num="176" type="stmt" count="6"/>
      <line num="177" type="stmt" count="6"/>
      <line num="179" type="stmt" count="6"/>
      <line num="181" type="stmt" count="6"/>
      <line num="191" type="method" name="addHiddenElement" crap="2" count="0"/>
      <line num="193" type="stmt" count="0"/>
      <line num="194" type="stmt" count="0"/>
      <line num="195" type="stmt" count="0"/>
      <line num="196" type="stmt" count="0"/>
      <line num="198" type="stmt" count="0"/>
      <line num="207" type="method" name="addHash" crap="1" count="6"/>
      <line num="209" type="stmt" count="6"/>
      <line num="210" type="stmt" count="6"/>
      <line num="211" type="stmt" count="6"/>
      <line num="212" type="stmt" count="6"/>
      <line num="213" type="stmt" count="6"/>
      <line num="215" type="stmt" count="6"/>
      <line num="224" type="method" name="addCaptcha" crap="2" count="0"/>
      <line num="226" type="stmt" count="0"/>
      <line num="227" type="stmt" count="0"/>
      <line num="228" type="stmt" count="0"/>
      <line num="229" type="stmt" count="0"/>
      <line num="230" type="stmt" count="0"/>
      <line num="231" type="stmt" count="0"/>
      <line num="232" type="stmt" count="0"/>
      <line num="233" type="stmt" count="0"/>
      <line num="242" type="method" name="excludeEmailFromValidation" crap="2" count="0"/>
      <line num="244" type="stmt" count="0"/>
      <line num="245" type="stmt" count="0"/>
      <line num="246" type="stmt" count="0"/>
      <line num="248" type="stmt" count="0"/>
      <line num="256" type="method" name="setModel" crap="1" count="6"/>
      <line num="258" type="stmt" count="6"/>
      <line num="259" type="stmt" count="6"/>
      <line num="266" type="method" name="getModel" crap="2" count="0"/>
      <line num="268" type="stmt" count="0"/>
      <line num="271" type="stmt" count="1"/>
      <metrics loc="270" ncloc="179" classes="1" methods="8" coveredmethods="4" conditionals="0" coveredconditionals="0" statements="37" coveredstatements="19" elements="45" coveredelements="23"/>
    </file>
    <file name="/home/shaun/NetBeansProjects/bba-power/library/ZendSF/Model/Abstract.php">
      <class name="ZendSF_Model_Abstract" namespace="global" fullPackage="ZendSF.Model" category="ZendSF" package="ZendSF" subpackage="Model">
        <metrics methods="8" coveredmethods="5" conditionals="0" coveredconditionals="0" statements="49" coveredstatements="29" elements="57" coveredelements="34"/>
      </class>
      <line num="41" type="stmt" count="1"/>
      <line num="86" type="method" name="__construct" crap="3" count="4"/>
      <line num="88" type="stmt" count="4"/>
      <line num="89" type="stmt" count="3"/>
      <line num="90" type="stmt" count="3"/>
      <line num="92" type="stmt" count="4"/>
      <line num="93" type="stmt" count="4"/>
      <line num="94" type="stmt" count="4"/>
      <line num="95" type="stmt" count="4"/>
      <line num="103" type="method" name="__set" crap="3.71" count="4"/>
      <line num="105" type="stmt" count="4"/>
      <line num="107" type="stmt" count="4"/>
      <line num="108" type="stmt" count="0"/>
      <line num="109" type="stmt" count="0"/>
      <line num="110" type="stmt" count="0"/>
      <line num="111" type="stmt" count="4"/>
      <line num="114" type="stmt" count="4"/>
      <line num="123" type="method" name="__get" crap="2.50" count="2"/>
      <line num="125" type="stmt" count="2"/>
      <line num="126" type="stmt" count="0"/>
      <line num="127" type="stmt" count="0"/>
      <line num="129" type="stmt" count="2"/>
      <line num="138" type="method" name="getId" crap="6" count="0"/>
      <line num="140" type="stmt" count="0"/>
      <line num="148" type="method" name="getPrefix" crap="2" count="0"/>
      <line num="150" type="stmt" count="0"/>
      <line num="159" type="method" name="setOptions" crap="3" count="4"/>
      <line num="162" type="stmt" count="4"/>
      <line num="163" type="stmt" count="4"/>
      <line num="164" type="stmt" count="4"/>
      <line num="165" type="stmt" count="4"/>
      <line num="167" type="stmt" count="4"/>
      <line num="168" type="stmt" count="4"/>
      <line num="170" type="stmt" count="4"/>
      <line num="173" type="method" name="setCols" crap="2" count="0"/>
      <line num="175" type="stmt" count="0"/>
      <line num="176" type="stmt" count="0"/>
      <line num="185" type="method" name="toArray" crap="18.65" count="1"/>
      <line num="187" type="stmt" count="1"/>
      <line num="189" type="stmt" count="1"/>
      <line num="191" type="stmt" count="1"/>
      <line num="192" type="stmt" count="0"/>
      <line num="193" type="stmt" count="0"/>
      <line num="195" type="stmt" count="1"/>
      <line num="196" type="stmt" count="0"/>
      <line num="197" type="stmt" count="0"/>
      <line num="198" type="stmt" count="0"/>
      <line num="199" type="stmt" count="0"/>
      <line num="200" type="stmt" count="0"/>
      <line num="201" type="stmt" count="0"/>
      <line num="203" type="stmt" count="0"/>
      <line num="206" type="stmt" count="1"/>
      <line num="207" type="stmt" count="1"/>
      <line num="208" type="stmt" count="0"/>
      <line num="209" type="stmt" count="0"/>
      <line num="211" type="stmt" count="1"/>
      <line num="212" type="stmt" count="1"/>
      <line num="214" type="stmt" count="1"/>
      <line num="216" type="stmt" count="1"/>
      <metrics loc="215" ncloc="106" classes="1" methods="8" coveredmethods="5" conditionals="0" coveredconditionals="0" statements="51" coveredstatements="31" elements="59" coveredelements="36"/>
    </file>
    <file name="/home/shaun/NetBeansProjects/bba-power/library/ZendSF/Model/Mapper/Abstract.php">
      <class name="ZendSF_Model_Mapper_Abstract" namespace="global" fullPackage="ZendSF.Model_Mapper" category="ZendSF" package="ZendSF" subpackage="Model_Mapper">
        <metrics methods="15" coveredmethods="6" conditionals="0" coveredconditionals="0" statements="128" coveredstatements="30" elements="143" coveredelements="36"/>
      </class>
      <line num="0" type="stmt" count="1"/>
      <line num="42" type="stmt" count="1"/>
      <line num="84" type="method" name="setDbTable" crap="3.03" count="3"/>
      <line num="86" type="stmt" count="3"/>
      <line num="87" type="stmt" count="3"/>
      <line num="88" type="stmt" count="3"/>
      <line num="90" type="stmt" count="3"/>
      <line num="91" type="stmt" count="0"/>
      <line num="94" type="stmt" count="3"/>
      <line num="95" type="stmt" count="3"/>
      <line num="103" type="method" name="getDbTable" crap="2" count="3"/>
      <line num="105" type="stmt" count="3"/>
      <line num="106" type="stmt" count="3"/>
      <line num="107" type="stmt" count="3"/>
      <line num="109" type="stmt" count="3"/>
      <line num="118" type="method" name="find" crap="12" count="0"/>
      <line num="120" type="stmt" count="0"/>
      <line num="122" type="stmt" count="0"/>
      <line num="123" type="stmt" count="0"/>
      <line num="126" type="stmt" count="0"/>
      <line num="128" type="stmt" count="0"/>
      <line num="129" type="stmt" count="0"/>
      <line num="130" type="stmt" count="0"/>
      <line num="131" type="stmt" count="0"/>
      <line num="132" type="stmt" count="0"/>
      <line num="134" type="stmt" count="0"/>
      <line num="143" type="method" name="fetchAll" crap="12" count="0"/>
      <line num="145" type="stmt" count="0"/>
      <line num="146" type="stmt" count="0"/>
      <line num="148" type="stmt" count="0"/>
      <line num="149" type="stmt" count="0"/>
      <line num="151" type="stmt" count="0"/>
      <line num="152" type="stmt" count="0"/>
      <line num="153" type="stmt" count="0"/>
      <line num="154" type="stmt" count="0"/>
      <line num="155" type="stmt" count="0"/>
      <line num="157" type="stmt" count="0"/>
      <line num="158" type="stmt" count="0"/>
      <line num="159" type="stmt" count="0"/>
      <line num="161" type="stmt" count="0"/>
      <line num="171" type="method" name="fetchRow" crap="4.54" count="3"/>
      <line num="173" type="stmt" count="3"/>
      <line num="175" type="stmt" count="3"/>
      <line num="176" type="stmt" count="0"/>
      <line num="179" type="stmt" count="3"/>
      <line num="180" type="stmt" count="0"/>
      <line num="181" type="stmt" count="0"/>
      <line num="182" type="stmt" count="0"/>
      <line num="183" type="stmt" count="0"/>
      <line num="185" type="stmt" count="3"/>
      <line num="194" type="method" name="save" crap="30" count="0"/>
      <line num="196" type="stmt" count="0"/>
      <line num="197" type="stmt" count="0"/>
      <line num="199" type="stmt" count="0"/>
      <line num="202" type="stmt" count="0"/>
      <line num="205" type="stmt" count="0"/>
      <line num="206" type="stmt" count="0"/>
      <line num="207" type="stmt" count="0"/>
      <line num="208" type="stmt" count="0"/>
      <line num="209" type="stmt" count="0"/>
      <line num="210" type="stmt" count="0"/>
      <line num="211" type="stmt" count="0"/>
      <line num="213" type="stmt" count="0"/>
      <line num="214" type="stmt" count="0"/>
      <line num="216" type="stmt" count="0"/>
      <line num="217" type="stmt" count="0"/>
      <line num="218" type="stmt" count="0"/>
      <line num="228" type="method" name="delete" crap="2" count="0"/>
      <line num="230" type="stmt" count="0"/>
      <line num="241" type="method" name="_paginate" crap="12" count="0"/>
      <line num="243" type="stmt" count="0"/>
      <line num="245" type="stmt" count="0"/>
      <line num="246" type="stmt" count="0"/>
      <line num="249" type="stmt" count="0"/>
      <line num="251" type="stmt" count="0"/>
      <line num="253" type="stmt" count="0"/>
      <line num="254" type="stmt" count="0"/>
      <line num="255" type="stmt" count="0"/>
      <line num="257" type="stmt" count="0"/>
      <line num="258" type="stmt" count="0"/>
      <line num="259" type="stmt" count="0"/>
      <line num="260" type="stmt" count="0"/>
      <line num="261" type="stmt" count="0"/>
      <line num="262" type="stmt" count="0"/>
      <line num="264" type="stmt" count="0"/>
      <line num="265" type="stmt" count="0"/>
      <line num="266" type="stmt" count="0"/>
      <line num="267" type="stmt" count="0"/>
      <line num="268" type="stmt" count="0"/>
      <line num="270" type="stmt" count="0"/>
      <line num="271" type="stmt" count="0"/>
      <line num="272" type="stmt" count="0"/>
      <line num="274" type="stmt" count="0"/>
      <line num="275" type="stmt" count="0"/>
      <line num="277" type="stmt" count="0"/>
      <line num="279" type="stmt" count="0"/>
      <line num="280" type="stmt" count="0"/>
      <line num="282" type="stmt" count="0"/>
      <line num="291" type="method" name="getForm" crap="2" count="6"/>
      <line num="293" type="stmt" count="6"/>
      <line num="294" type="stmt" count="6"/>
      <line num="295" type="stmt" count="6"/>
      <line num="296" type="stmt" count="6"/>
      <line num="297" type="stmt" count="6"/>
      <line num="298" type="stmt" count="6"/>
      <line num="299" type="stmt" count="6"/>
      <line num="300" type="stmt" count="6"/>
      <line num="301" type="stmt" count="6"/>
      <line num="309" type="method" name="setCache" crap="2" count="0"/>
      <line num="311" type="stmt" count="0"/>
      <line num="312" type="stmt" count="0"/>
      <line num="319" type="method" name="setCacheOptions" crap="2" count="0"/>
      <line num="321" type="stmt" count="0"/>
      <line num="322" type="stmt" count="0"/>
      <line num="329" type="method" name="getCacheOptions" crap="6" count="0"/>
      <line num="331" type="stmt" count="0"/>
      <line num="332" type="stmt" count="0"/>
      <line num="333" type="stmt" count="0"/>
      <line num="334" type="stmt" count="0"/>
      <line num="336" type="stmt" count="0"/>
      <line num="337" type="stmt" count="0"/>
      <line num="338" type="stmt" count="0"/>
      <line num="339" type="stmt" count="0"/>
      <line num="340" type="stmt" count="0"/>
      <line num="341" type="stmt" count="0"/>
      <line num="342" type="stmt" count="0"/>
      <line num="344" type="stmt" count="0"/>
      <line num="353" type="method" name="getCached" crap="6" count="0"/>
      <line num="355" type="stmt" count="0"/>
      <line num="356" type="stmt" count="0"/>
      <line num="357" type="stmt" count="0"/>
      <line num="358" type="stmt" count="0"/>
      <line num="359" type="stmt" count="0"/>
      <line num="360" type="stmt" count="0"/>
      <line num="362" type="stmt" count="0"/>
      <line num="364" type="stmt" count="0"/>
      <line num="372" type="method" name="_getNamespace" crap="1" count="6"/>
      <line num="374" type="stmt" count="6"/>
      <line num="375" type="stmt" count="6"/>
      <line num="386" type="method" name="_getInflected" crap="1" count="6"/>
      <line num="388" type="stmt" count="6"/>
      <line num="389" type="stmt" count="6"/>
      <line num="390" type="stmt" count="6"/>
      <line num="391" type="stmt" count="6"/>
      <line num="392" type="stmt" count="6"/>
      <line num="395" type="stmt" count="1"/>
      <metrics loc="394" ncloc="238" classes="1" methods="15" coveredmethods="6" conditionals="0" coveredconditionals="0" statements="131" coveredstatements="33" elements="146" coveredelements="39"/>
    </file>
    <file name="/home/shaun/NetBeansProjects/bba-power/library/ZendSF/Model/Mapper/Acl/Abstract.php">
      <class name="ZendSF_Model_Mapper_Acl_Abstract" namespace="global" fullPackage="ZendSF.Model_Mapper" category="ZendSF" package="ZendSF" subpackage="Model_Mapper">
        <metrics methods="6" coveredmethods="0" conditionals="0" coveredconditionals="0" statements="40" coveredstatements="0" elements="46" coveredelements="0"/>
      </class>
      <line num="41" type="stmt" count="1"/>
      <line num="59" type="method" name="getResourceId" crap="2" count="0"/>
      <line num="61" type="stmt" count="0"/>
      <line num="71" type="method" name="setIdentity" crap="90" count="0"/>
      <line num="73" type="stmt" count="0"/>
      <line num="74" type="stmt" count="0"/>
      <line num="75" type="stmt" count="0"/>
      <line num="76" type="stmt" count="0"/>
      <line num="78" type="stmt" count="0"/>
      <line num="79" type="stmt" count="0"/>
      <line num="80" type="stmt" count="0"/>
      <line num="81" type="stmt" count="0"/>
      <line num="82" type="stmt" count="0"/>
      <line num="83" type="stmt" count="0"/>
      <line num="84" type="stmt" count="0"/>
      <line num="85" type="stmt" count="0"/>
      <line num="86" type="stmt" count="0"/>
      <line num="89" type="stmt" count="0"/>
      <line num="91" type="stmt" count="0"/>
      <line num="99" type="method" name="getIdentity" crap="12" count="0"/>
      <line num="101" type="stmt" count="0"/>
      <line num="102" type="stmt" count="0"/>
      <line num="104" type="stmt" count="0"/>
      <line num="105" type="stmt" count="0"/>
      <line num="108" type="stmt" count="0"/>
      <line num="109" type="stmt" count="0"/>
      <line num="111" type="stmt" count="0"/>
      <line num="120" type="method" name="checkAcl" crap="2" count="0"/>
      <line num="122" type="stmt" count="0"/>
      <line num="123" type="stmt" count="0"/>
      <line num="124" type="stmt" count="0"/>
      <line num="126" type="stmt" count="0"/>
      <line num="139" type="method" name="setAcl" crap="6" count="0"/>
      <line num="141" type="stmt" count="0"/>
      <line num="142" type="stmt" count="0"/>
      <line num="143" type="stmt" count="0"/>
      <line num="145" type="stmt" count="0"/>
      <line num="147" type="stmt" count="0"/>
      <line num="156" type="method" name="getAcl" crap="12" count="0"/>
      <line num="158" type="stmt" count="0"/>
      <line num="159" type="stmt" count="0"/>
      <line num="160" type="stmt" count="0"/>
      <line num="162" type="stmt" count="0"/>
      <line num="163" type="stmt" count="0"/>
      <line num="164" type="stmt" count="0"/>
      <line num="165" type="stmt" count="0"/>
      <line num="167" type="stmt" count="0"/>
      <line num="170" type="stmt" count="1"/>
      <metrics loc="169" ncloc="86" classes="1" methods="6" coveredmethods="0" conditionals="0" coveredconditionals="0" statements="42" coveredstatements="2" elements="48" coveredelements="2"/>
    </file>
    <file name="/home/shaun/NetBeansProjects/bba-power/library/ZendSF/Service/Authentication.php">
      <class name="ZendSF_Service_Authentication" namespace="global" fullPackage="ZendSF.Service" category="ZendSF" package="ZendSF" subpackage="Service">
        <metrics methods="7" coveredmethods="6" conditionals="0" coveredconditionals="0" statements="47" coveredstatements="43" elements="54" coveredelements="49"/>
      </class>
      <line num="0" type="stmt" count="1"/>
      <line num="41" type="stmt" count="1"/>
      <line num="69" type="method" name="__construct" crap="2" count="6"/>
      <line num="71" type="stmt" count="6"/>
      <line num="72" type="stmt" count="6"/>
      <line num="73" type="stmt" count="6"/>
      <line num="75" type="stmt" count="6"/>
      <line num="76" type="stmt" count="6"/>
      <line num="77" type="stmt" count="6"/>
      <line num="85" type="method" name="authenticate" crap="2" count="3"/>
      <line num="87" type="stmt" count="3"/>
      <line num="88" type="stmt" count="3"/>
      <line num="89" type="stmt" count="3"/>
      <line num="91" type="stmt" count="3"/>
      <line num="92" type="stmt" count="1"/>
      <line num="95" type="stmt" count="3"/>
      <line num="97" type="stmt" count="3"/>
      <line num="98" type="stmt" count="3"/>
      <line num="100" type="stmt" count="3"/>
      <line num="102" type="stmt" count="3"/>
      <line num="105" type="method" name="getAuth" crap="2" count="6"/>
      <line num="107" type="stmt" count="6"/>
      <line num="108" type="stmt" count="6"/>
      <line num="109" type="stmt" count="6"/>
      <line num="111" type="stmt" count="6"/>
      <line num="114" type="method" name="getIdentity" crap="6" count="0"/>
      <line num="116" type="stmt" count="0"/>
      <line num="118" type="stmt" count="0"/>
      <line num="119" type="stmt" count="0"/>
      <line num="122" type="stmt" count="0"/>
      <line num="128" type="method" name="clear" crap="1" count="1"/>
      <line num="130" type="stmt" count="1"/>
      <line num="131" type="stmt" count="1"/>
      <line num="138" type="method" name="setAuthAdapter" crap="1" count="3"/>
      <line num="140" type="stmt" count="3"/>
      <line num="141" type="stmt" count="3"/>
      <line num="149" type="method" name="getAuthAdapter" crap="2" count="3"/>
      <line num="151" type="stmt" count="3"/>
      <line num="153" type="stmt" count="3"/>
      <line num="155" type="stmt" count="3"/>
      <line num="156" type="stmt" count="3"/>
      <line num="157" type="stmt" count="3"/>
      <line num="158" type="stmt" count="3"/>
      <line num="159" type="stmt" count="3"/>
      <line num="160" type="stmt" count="3"/>
      <line num="162" type="stmt" count="3"/>
      <line num="163" type="stmt" count="3"/>
      <line num="165" type="stmt" count="3"/>
      <line num="166" type="stmt" count="3"/>
      <line num="167" type="stmt" count="3"/>
      <line num="168" type="stmt" count="3"/>
      <line num="169" type="stmt" count="3"/>
      <line num="170" type="stmt" count="3"/>
      <line num="171" type="stmt" count="3"/>
      <line num="173" type="stmt" count="3"/>
      <line num="176" type="stmt" count="1"/>
      <metrics loc="175" ncloc="99" classes="1" methods="7" coveredmethods="6" conditionals="0" coveredconditionals="0" statements="50" coveredstatements="46" elements="57" coveredelements="52"/>
    </file>
    <file name="/home/shaun/NetBeansProjects/bba-power/library/ZendSF/Utility/Password.php">
      <class name="ZendSF_Utility_Password" namespace="global" fullPackage="ZendSF.Utility" category="ZendSF" package="ZendSF" subpackage="Utility">
        <metrics methods="2" coveredmethods="1" conditionals="0" coveredconditionals="0" statements="2" coveredstatements="1" elements="4" coveredelements="2"/>
      </class>
      <line num="41" type="stmt" count="1"/>
      <line num="48" type="method" name="sha1" crap="2" count="0"/>
      <line num="50" type="stmt" count="0"/>
      <line num="59" type="method" name="md5" crap="1" count="3"/>
      <line num="61" type="stmt" count="3"/>
      <line num="64" type="stmt" count="1"/>
      <metrics loc="63" ncloc="14" classes="1" methods="2" coveredmethods="1" conditionals="0" coveredconditionals="0" statements="4" coveredstatements="3" elements="6" coveredelements="4"/>
    </file>
    <file name="/home/shaun/NetBeansProjects/bba-power/library/ZendSF/View/Helper/AuthInfo.php">
      <class name="ZendSF_View_Helper_AuthInfo" namespace="global" fullPackage="ZendSF.View_Helper" category="ZendSF" package="ZendSF" subpackage="View_Helper">
        <metrics methods="2" coveredmethods="2" conditionals="0" coveredconditionals="0" statements="9" coveredstatements="7" elements="11" coveredelements="9"/>
      </class>
      <line num="41" type="stmt" count="1"/>
      <line num="54" type="method" name="authInfo" crap="4.25" count="6"/>
      <line num="56" type="stmt" count="6"/>
      <line num="57" type="stmt" count="6"/>
      <line num="58" type="stmt" count="6"/>
      <line num="60" type="stmt" count="6"/>
      <line num="61" type="stmt" count="0"/>
      <line num="64" type="stmt" count="6"/>
      <line num="65" type="stmt" count="6"/>
      <line num="68" type="stmt" count="0"/>
      <line num="72" type="stmt" count="6"/>
      <line num="73" type="stmt" count="6"/>
      <line num="76" type="stmt" count="6"/>
      <line num="78" type="method" name="isLoggedIn" crap="1" count="6"/>
      <line num="80" type="stmt" count="6"/>
      <line num="83" type="stmt" count="1"/>
      <metrics loc="82" ncloc="28" classes="1" methods="2" coveredmethods="2" conditionals="0" coveredconditionals="0" statements="14" coveredstatements="12" elements="16" coveredelements="14"/>
    </file>
    <file name="/home/shaun/NetBeansProjects/bba-power/library/ZendSF/View/Helper/FlashMessenger.php">
      <class name="ZendSF_View_Helper_FlashMessenger" namespace="global" fullPackage="Noumenal_View" package="Noumenal_View">
        <metrics methods="2" coveredmethods="2" conditionals="0" coveredconditionals="0" statements="23" coveredstatements="13" elements="25" coveredelements="15"/>
      </class>
      <line num="52" type="stmt" count="1"/>
      <line num="65" type="method" name="flashMessenger" crap="7.26" count="6"/>
      <line num="68" type="stmt" count="6"/>
      <line num="71" type="stmt" count="6"/>
      <line num="74" type="stmt" count="6"/>
      <line num="75" type="stmt" count="0"/>
      <line num="76" type="stmt" count="0"/>
      <line num="77" type="stmt" count="0"/>
      <line num="78" type="stmt" count="0"/>
      <line num="80" type="stmt" count="0"/>
      <line num="81" type="stmt" count="0"/>
      <line num="84" type="stmt" count="6"/>
      <line num="87" type="stmt" count="6"/>
      <line num="89" type="stmt" count="0"/>
      <line num="90" type="stmt" count="0"/>
      <line num="91" type="stmt" count="0"/>
      <line num="92" type="stmt" count="0"/>
      <line num="93" type="stmt" count="6"/>
      <line num="95" type="stmt" count="6"/>
      <line num="103" type="method" name="_getFlashMessenger" crap="2" count="6"/>
      <line num="105" type="stmt" count="6"/>
      <line num="106" type="stmt" count="6"/>
      <line num="107" type="stmt" count="6"/>
      <line num="108" type="stmt" count="6"/>
      <line num="109" type="stmt" count="6"/>
      <line num="110" type="stmt" count="6"/>
      <line num="112" type="stmt" count="1"/>
      <line num="154" type="stmt" count="6"/>
      <line num="158" type="stmt" count="6"/>
      <line num="195" type="stmt" count="6"/>
      <metrics loc="111" ncloc="38" classes="1" methods="2" coveredmethods="2" conditionals="0" coveredconditionals="0" statements="28" coveredstatements="18" elements="30" coveredelements="20"/>
    </file>
    <metrics files="25" loc="3127" ncloc="1693" classes="23" methods="106" coveredmethods="59" conditionals="0" coveredconditionals="0" statements="806" coveredstatements="416" elements="912" coveredelements="475"/>
  </project>
</coverage>
